0 info it worked if it ends with ok
1 verbose cli [ '/usr/bin/node', '/usr/bin/npm', 'install', '-g', 'bower' ]
2 info using npm@3.5.2
3 info using node@v6.11.4
4 silly loadCurrentTree Starting
5 silly install loadCurrentTree
6 silly install readGlobalPackageData
7 silly fetchPackageMetaData bower
8 silly fetchNamedPackageData bower
9 silly mapToRegistry name bower
10 silly mapToRegistry using default registry
11 silly mapToRegistry registry https://registry.npmjs.org/
12 silly mapToRegistry uri https://registry.npmjs.org/bower
13 verbose request uri https://registry.npmjs.org/bower
14 verbose request no auth needed
15 info attempt registry request try #1 at 21:31:02
16 verbose request id c9c33209b1c0da5c
17 http request GET https://registry.npmjs.org/bower
18 info retry will retry, error on last attempt: Error: tunneling socket could not be established, cause=getaddrinfo ENOTFOUND proxy.intern.chamaeleon.de proxy.intern.chamaeleon.de:3128
19 info attempt registry request try #2 at 21:31:12
20 http request GET https://registry.npmjs.org/bower
21 info retry will retry, error on last attempt: Error: tunneling socket could not be established, cause=getaddrinfo ENOTFOUND proxy.intern.chamaeleon.de proxy.intern.chamaeleon.de:3128
22 info attempt registry request try #3 at 21:32:12
23 http request GET https://registry.npmjs.org/bower
24 silly fetchPackageMetaData Error: tunneling socket could not be established, cause=getaddrinfo ENOTFOUND proxy.intern.chamaeleon.de proxy.intern.chamaeleon.de:3128
24 silly fetchPackageMetaData     at ClientRequest.onError (/usr/share/npm/node_modules/request/node_modules/tunnel-agent/index.js:174:17)
24 silly fetchPackageMetaData     at ClientRequest.g (events.js:292:16)
24 silly fetchPackageMetaData     at emitOne (events.js:96:13)
24 silly fetchPackageMetaData     at ClientRequest.emit (events.js:188:7)
24 silly fetchPackageMetaData     at Socket.socketErrorListener (_http_client.js:310:9)
24 silly fetchPackageMetaData     at emitOne (events.js:96:13)
24 silly fetchPackageMetaData     at Socket.emit (events.js:188:7)
24 silly fetchPackageMetaData     at connectErrorNT (net.js:1025:8)
24 silly fetchPackageMetaData     at _combinedTickCallback (internal/process/next_tick.js:80:11)
24 silly fetchPackageMetaData     at process._tickCallback (internal/process/next_tick.js:104:9)
24 silly fetchPackageMetaData  error for bower { Error: tunneling socket could not be established, cause=getaddrinfo ENOTFOUND proxy.intern.chamaeleon.de proxy.intern.chamaeleon.de:3128
24 silly fetchPackageMetaData     at ClientRequest.onError (/usr/share/npm/node_modules/request/node_modules/tunnel-agent/index.js:174:17)
24 silly fetchPackageMetaData     at ClientRequest.g (events.js:292:16)
24 silly fetchPackageMetaData     at emitOne (events.js:96:13)
24 silly fetchPackageMetaData     at ClientRequest.emit (events.js:188:7)
24 silly fetchPackageMetaData     at Socket.socketErrorListener (_http_client.js:310:9)
24 silly fetchPackageMetaData     at emitOne (events.js:96:13)
24 silly fetchPackageMetaData     at Socket.emit (events.js:188:7)
24 silly fetchPackageMetaData     at connectErrorNT (net.js:1025:8)
24 silly fetchPackageMetaData     at _combinedTickCallback (internal/process/next_tick.js:80:11)
24 silly fetchPackageMetaData     at process._tickCallback (internal/process/next_tick.js:104:9) code: 'ECONNRESET' }
25 silly rollbackFailedOptional Starting
26 silly rollbackFailedOptional Finishing
27 silly runTopLevelLifecycles Starting
28 silly runTopLevelLifecycles Finishing
29 silly install printInstalled
30 verbose stack Error: tunneling socket could not be established, cause=getaddrinfo ENOTFOUND proxy.intern.chamaeleon.de proxy.intern.chamaeleon.de:3128
30 verbose stack     at ClientRequest.onError (/usr/share/npm/node_modules/request/node_modules/tunnel-agent/index.js:174:17)
30 verbose stack     at ClientRequest.g (events.js:292:16)
30 verbose stack     at emitOne (events.js:96:13)
30 verbose stack     at ClientRequest.emit (events.js:188:7)
30 verbose stack     at Socket.socketErrorListener (_http_client.js:310:9)
30 verbose stack     at emitOne (events.js:96:13)
30 verbose stack     at Socket.emit (events.js:188:7)
30 verbose stack     at connectErrorNT (net.js:1025:8)
30 verbose stack     at _combinedTickCallback (internal/process/next_tick.js:80:11)
30 verbose stack     at process._tickCallback (internal/process/next_tick.js:104:9)
31 verbose cwd /home/fabian/git/bloqq
32 error Linux 4.13.0-32-generic
33 error argv "/usr/bin/node" "/usr/bin/npm" "install" "-g" "bower"
34 error node v6.11.4
35 error npm  v3.5.2
36 error code ECONNRESET
37 error network tunneling socket could not be established, cause=getaddrinfo ENOTFOUND proxy.intern.chamaeleon.de proxy.intern.chamaeleon.de:3128
38 error network This is most likely not a problem with npm itself
38 error network and is related to network connectivity.
38 error network In most cases you are behind a proxy or have bad network settings.
38 error network
38 error network If you are behind a proxy, please make sure that the
38 error network 'proxy' config is set properly.  See: 'npm help config'
39 verbose exit [ 1, true ]
